RUN	computerdatabase.ComputerDatabaseSimulation	computerdatabasesimulation	1692878426221	 	3.9.5
USER	Admins	START	1692878428675
USER	Users	START	1692878428675
REQUEST		Home	1692878428656	1692878429382	OK	 
REQUEST		Home	1692878428656	1692878429375	OK	 
USER	Users	START	1692878429558
REQUEST		Home Redirect 1	1692878429391	1692878429594	OK	 
REQUEST		Home Redirect 1	1692878429391	1692878429594	OK	 
REQUEST		Home	1692878429557	1692878430062	OK	 
REQUEST		Home Redirect 1	1692878430063	1692878430227	OK	 
USER	Users	START	1692878430558
REQUEST		Search	1692878430627	1692878430796	OK	 
REQUEST		Search	1692878430627	1692878430792	OK	 
REQUEST		Home	1692878430557	1692878431059	OK	 
REQUEST		Home Redirect 1	1692878431059	1692878431224	OK	 
REQUEST		Search	1692878431230	1692878431402	OK	 
USER	Users	START	1692878431544
REQUEST		Select	1692878432011	1692878432175	OK	 
REQUEST		Select	1692878432011	1692878432173	OK	 
REQUEST		Home	1692878431543	1692878432380	OK	 
REQUEST		Search	1692878432228	1692878432397	OK	 
USER	Users	START	1692878432545
REQUEST		Home Redirect 1	1692878432390	1692878432557	OK	 
REQUEST		Select	1692878432412	1692878432574	OK	 
REQUEST		Page 0	1692878433182	1692878433355	OK	 
REQUEST		Page 0	1692878433182	1692878433366	OK	 
REQUEST		Home	1692878432544	1692878433381	OK	 
USER	Admins	START	1692878433544
USER	Users	START	1692878433544
REQUEST		Home Redirect 1	1692878433381	1692878433557	OK	 
REQUEST		Select	1692878433404	1692878433574	OK	 
REQUEST		Search	1692878433559	1692878433724	OK	 
REQUEST		Page 0	1692878433575	1692878433740	OK	 
REQUEST		Home	1692878433543	1692878434379	OK	 
REQUEST		Home	1692878433544	1692878434394	OK	 
REQUEST		Page 1	1692878434370	1692878434542	OK	 
REQUEST		Page 1	1692878434370	1692878434543	OK	 
USER	Users	START	1692878434546
REQUEST		Home Redirect 1	1692878434380	1692878434574	OK	 
REQUEST		Home Redirect 1	1692878434395	1692878434576	OK	 
REQUEST		Search	1692878434563	1692878434732	OK	 
REQUEST		Page 0	1692878434577	1692878434758	OK	 
REQUEST		Select	1692878434728	1692878434961	OK	 
REQUEST		Page 1	1692878434742	1692878434978	OK	 
REQUEST		Home	1692878434545	1692878435394	OK	 
USER	Users	START	1692878435545
REQUEST		Home Redirect 1	1692878435395	1692878435562	OK	 
REQUEST		Page 2	1692878435544	1692878435712	OK	 
REQUEST		Page 2	1692878435546	1692878435713	OK	 
REQUEST		Search	1692878435576	1692878435744	OK	 
REQUEST		Search	1692878435581	1692878435755	OK	 
REQUEST		Select	1692878435747	1692878436231	OK	 
REQUEST		Page 1	1692878435760	1692878436297	OK	 
REQUEST		Home	1692878435544	1692878436385	OK	 
REQUEST		Page 2	1692878436306	1692878436473	OK	 
REQUEST		Page 0	1692878436307	1692878436482	OK	 
USER	Users	START	1692878436544
REQUEST		Home Redirect 1	1692878436385	1692878436553	OK	 
REQUEST		Search	1692878436569	1692878436730	OK	 
REQUEST		Select	1692878436748	1692878437044	OK	 
REQUEST		Page 3	1692878436724	1692878437044	OK	 
REQUEST		Page 3	1692878436724	1692878437044	OK	 
REQUEST		Select	1692878436759	1692878437046	OK	 
REQUEST		Home	1692878436543	1692878437384	OK	 
REQUEST		Page 0	1692878437238	1692878437407	OK	 
REQUEST		Page 2	1692878437304	1692878437465	OK	 
USER	Users	START	1692878437545
REQUEST		Home Redirect 1	1692878437385	1692878437555	OK	 
REQUEST		Page 3	1692878437475	1692878437640	OK	 
REQUEST		Page 1	1692878437488	1692878437652	OK	 
REQUEST		Search	1692878437556	1692878437725	OK	 
REQUEST		Select	1692878437742	1692878437901	OK	 
USER	Users	END	1692878438059
REQUEST		Form	1692878438047	1692878438218	OK	 
REQUEST		Page 0	1692878438056	1692878438224	OK	 
REQUEST		Page 0	1692878438057	1692878438227	OK	 
REQUEST		Home	1692878437544	1692878438390	OK	 
REQUEST		Home Redirect 1	1692878438391	1692878438561	OK	 
REQUEST		Page 1	1692878438428	1692878438596	OK	 
REQUEST		Page 3	1692878438478	1692878438642	OK	 
USER	Users	END	1692878438643
REQUEST		Search	1692878438557	1692878438726	OK	 
REQUEST		Page 2	1692878438659	1692878438823	OK	 
REQUEST		Select	1692878438730	1692878438900	OK	 
REQUEST		Page 0	1692878438905	1692878439573	OK	 
REQUEST		Page 1	1692878439230	1692878439573	OK	 
REQUEST		Page 1	1692878439226	1692878439574	OK	 
REQUEST		Post	1692878439227	1692878439572	OK	 
USER	Users	END	1692878439645
REQUEST		Page 2	1692878439599	1692878439782	OK	 
REQUEST		Search	1692878439563	1692878439781	OK	 
REQUEST		Post Redirect 1	1692878439623	1692878439793	OK	 
USER	Admins	END	1692878439797
REQUEST		Select	1692878439780	1692878439956	OK	 
REQUEST		Page 3	1692878439824	1692878439985	OK	 
REQUEST		Page 0	1692878439903	1692878440069	OK	 
REQUEST		Page 1	1692878440575	1692878440736	OK	 
REQUEST		Page 2	1692878440576	1692878440740	OK	 
REQUEST		Page 2	1692878440576	1692878440744	OK	 
REQUEST		Select	1692878440793	1692878440953	OK	 
REQUEST		Page 3	1692878440788	1692878440957	OK	 
USER	Users	END	1692878440989
REQUEST		Page 0	1692878440958	1692878441125	OK	 
REQUEST		Page 1	1692878441071	1692878441239	OK	 
REQUEST		Page 3	1692878441741	1692878441905	OK	 
REQUEST		Page 2	1692878441739	1692878441905	OK	 
REQUEST		Page 3	1692878441746	1692878441912	OK	 
USER	Users	END	1692878441961
REQUEST		Page 0	1692878441959	1692878442121	OK	 
REQUEST		Page 1	1692878442127	1692878442301	OK	 
REQUEST		Page 2	1692878442241	1692878442404	OK	 
USER	Users	END	1692878442907
REQUEST		Page 3	1692878442907	1692878443082	OK	 
REQUEST		Form	1692878442916	1692878443083	OK	 
REQUEST		Page 1	1692878443124	1692878443281	OK	 
REQUEST		Page 2	1692878443306	1692878443472	OK	 
REQUEST		Page 3	1692878443406	1692878443573	OK	 
USER	Users	END	1692878444090
REQUEST		Post	1692878444086	1692878444255	OK	 
REQUEST		Post Redirect 1	1692878444255	1692878444422	OK	 
USER	Admins	END	1692878444423
REQUEST		Page 2	1692878444284	1692878444454	OK	 
USER	Users	END	1692878444576
REQUEST		Page 3	1692878444474	1692878444643	OK	 
REQUEST		Page 3	1692878445456	1692878445633	OK	 
USER	Users	END	1692878445647
USER	Users	END	1692878446638
