RUN	computerdatabase.ComputerDatabaseSimulation	computerdatabasesimulation	1692865480126	 	3.9.5
USER	Admins	START	1692865481894
USER	Users	START	1692865481894
REQUEST		Home	1692865481878	1692865482671	OK	 
REQUEST		Home	1692865481878	1692865482697	OK	 
USER	Users	START	1692865482807
REQUEST		Home Redirect 1	1692865482683	1692865482871	OK	 
REQUEST		Home Redirect 1	1692865482698	1692865482882	OK	 
REQUEST		Home	1692865482804	1692865483325	OK	 
REQUEST		Home Redirect 1	1692865483325	1692865483497	OK	 
USER	Users	START	1692865483808
REQUEST		Search	1692865483901	1692865484065	OK	 
REQUEST		Search	1692865483901	1692865484081	OK	 
REQUEST		Home	1692865483804	1692865484283	OK	 
REQUEST		Home Redirect 1	1692865484284	1692865484452	OK	 
REQUEST		Search	1692865484499	1692865484676	OK	 
USER	Users	START	1692865484792
REQUEST		Home	1692865484792	1692865485331	OK	 
REQUEST		Select	1692865485279	1692865485441	OK	 
REQUEST		Select	1692865485279	1692865485460	OK	 
REQUEST		Home Redirect 1	1692865485332	1692865485497	OK	 
REQUEST		Search	1692865485458	1692865485623	OK	 
USER	Users	START	1692865485793
REQUEST		Select	1692865485684	1692865485862	OK	 
REQUEST		Home	1692865485792	1692865486358	OK	 
REQUEST		Home Redirect 1	1692865486359	1692865486540	OK	 
REQUEST		Page 0	1692865486446	1692865486609	OK	 
REQUEST		Page 0	1692865486462	1692865486647	OK	 
REQUEST		Search	1692865486499	1692865486664	OK	 
USER	Admins	START	1692865486794
REQUEST		Select	1692865486632	1692865486794	OK	 
USER	Users	START	1692865486795
REQUEST		Page 0	1692865486864	1692865487037	OK	 
REQUEST		Home	1692865486793	1692865487260	OK	 
REQUEST		Home	1692865486793	1692865487306	OK	 
REQUEST		Home Redirect 1	1692865487260	1692865487424	OK	 
REQUEST		Home Redirect 1	1692865487306	1692865487496	OK	 
REQUEST		Search	1692865487542	1692865487720	OK	 
REQUEST		Page 1	1692865487613	1692865487780	OK	 
USER	Users	START	1692865487792
REQUEST		Page 1	1692865487649	1692865487826	OK	 
REQUEST		Select	1692865487674	1692865487831	OK	 
REQUEST		Page 0	1692865487796	1692865487958	OK	 
REQUEST		Page 1	1692865488044	1692865488226	OK	 
REQUEST		Home	1692865487792	1692865488333	OK	 
REQUEST		Home Redirect 1	1692865488333	1692865488500	OK	 
REQUEST		Search	1692865488426	1692865488592	OK	 
REQUEST		Search	1692865488498	1692865488675	OK	 
USER	Users	START	1692865488792
REQUEST		Select	1692865488736	1692865488914	OK	 
REQUEST		Page 2	1692865488782	1692865488950	OK	 
REQUEST		Page 0	1692865488833	1692865489005	OK	 
REQUEST		Page 2	1692865488832	1692865489009	OK	 
REQUEST		Page 1	1692865488961	1692865489256	OK	 
REQUEST		Page 2	1692865489261	1692865489444	OK	 
REQUEST		Home	1692865488791	1692865489445	OK	 
REQUEST		Home Redirect 1	1692865489446	1692865489631	OK	 
REQUEST		Search	1692865489505	1692865489692	OK	 
REQUEST		Select	1692865489595	1692865489762	OK	 
USER	Users	START	1692865489792
REQUEST		Select	1692865489679	1692865489842	OK	 
REQUEST		Page 0	1692865489919	1692865490092	OK	 
REQUEST		Page 3	1692865489953	1692865490118	OK	 
REQUEST		Page 1	1692865490011	1692865490180	OK	 
REQUEST		Page 3	1692865490011	1692865490188	OK	 
REQUEST		Home	1692865489792	1692865490310	OK	 
REQUEST		Page 2	1692865490260	1692865490427	OK	 
REQUEST		Home Redirect 1	1692865490311	1692865490473	OK	 
REQUEST		Page 3	1692865490447	1692865490612	OK	 
USER	Users	START	1692865490793
REQUEST		Search	1692865490633	1692865490807	OK	 
REQUEST		Select	1692865490695	1692865490862	OK	 
REQUEST		Page 0	1692865490764	1692865490926	OK	 
REQUEST		Page 0	1692865490844	1692865491006	OK	 
USER	Users	END	1692865491195
REQUEST		Page 1	1692865491094	1692865491258	OK	 
REQUEST		Form	1692865491121	1692865491287	OK	 
REQUEST		Home	1692865490792	1692865491288	OK	 
REQUEST		Page 2	1692865491183	1692865491346	OK	 
REQUEST		Home Redirect 1	1692865491289	1692865491456	OK	 
REQUEST		Page 3	1692865491429	1692865491600	OK	 
USER	Users	END	1692865491615
REQUEST		Search	1692865491475	1692865491633	OK	 
REQUEST		Select	1692865491811	1692865491987	OK	 
REQUEST		Page 0	1692865491866	1692865492026	OK	 
REQUEST		Page 1	1692865491929	1692865492093	OK	 
REQUEST		Page 1	1692865492009	1692865492174	OK	 
REQUEST		Page 2	1692865492259	1692865492434	OK	 
REQUEST		Post	1692865492296	1692865492457	OK	 
REQUEST		Page 3	1692865492348	1692865492522	OK	 
USER	Users	END	1692865492604
REQUEST		Post Redirect 1	1692865492473	1692865492637	KO	status.find.is(201), but actually found 200
REQUEST		Search	1692865492475	1692865492646	OK	 
REQUEST		Select	1692865492641	1692865492799	OK	 
REQUEST		Form	1692865492647	1692865492812	OK	 
REQUEST		Page 0	1692865492991	1692865493157	OK	 
REQUEST		Page 1	1692865493027	1692865493190	OK	 
REQUEST		Page 2	1692865493095	1692865493254	OK	 
REQUEST		Page 2	1692865493178	1692865493338	OK	 
USER	Users	END	1692865493524
REQUEST		Page 3	1692865493439	1692865493613	OK	 
REQUEST		Select	1692865493649	1692865493810	OK	 
REQUEST		Page 0	1692865493806	1692865493974	OK	 
REQUEST		Post	1692865493813	1692865493991	OK	 
REQUEST		Post Redirect 1	1692865493992	1692865494175	KO	status.find.is(201), but actually found 200
USER	Admins	END	1692865494177
REQUEST		Page 1	1692865494159	1692865494334	OK	 
REQUEST		Page 2	1692865494192	1692865494359	OK	 
REQUEST		Page 3	1692865494258	1692865494440	OK	 
REQUEST		Page 3	1692865494340	1692865494509	OK	 
USER	Users	END	1692865494616
REQUEST		Page 0	1692865494813	1692865494978	OK	 
REQUEST		Page 1	1692865494976	1692865495133	OK	 
USER	Users	END	1692865495444
REQUEST		Page 2	1692865495340	1692865495529	OK	 
REQUEST		Page 3	1692865495361	1692865495538	OK	 
REQUEST		Form	1692865495513	1692865495676	OK	 
REQUEST		Page 1	1692865495980	1692865496161	OK	 
REQUEST		Page 2	1692865496137	1692865496294	OK	 
USER	Users	END	1692865496540
REQUEST		Page 3	1692865496532	1692865496710	OK	 
REQUEST		Post	1692865496677	1692865496834	OK	 
REQUEST		Post Redirect 1	1692865496839	1692865496996	KO	status.find.is(201), but actually found 200
REQUEST		Form	1692865496996	1692865497162	OK	 
REQUEST		Page 2	1692865497162	1692865497341	OK	 
REQUEST		Page 3	1692865497296	1692865497454	OK	 
USER	Users	END	1692865497713
REQUEST		Post	1692865498191	1692865498349	OK	 
USER	Users	END	1692865498459
REQUEST		Post Redirect 1	1692865498350	1692865498508	KO	status.find.is(201), but actually found 200
REQUEST		Page 3	1692865498343	1692865498510	OK	 
USER	Admins	END	1692865498511
USER	Users	END	1692865499512
