RUN	computerdatabase.ComputerDatabaseSimulation	computerdatabasesimulation	1692885664519	 	3.9.5
USER	Admins	START	1692885666258
USER	Users	START	1692885666258
USER	Users	START	1692885667200
REQUEST		Home	1692885666249	1692885667690	OK	 
REQUEST		Home	1692885667198	1692885667692	OK	 
REQUEST		Home	1692885666249	1692885667691	OK	 
REQUEST		Home Redirect 1	1692885667699	1692885667885	OK	 
REQUEST		Home Redirect 1	1692885667700	1692885667887	OK	 
REQUEST		Home Redirect 1	1692885667699	1692885667885	OK	 
USER	Users	START	1692885668200
REQUEST		Search	1692885668909	1692885669073	OK	 
REQUEST		Search	1692885668908	1692885669080	OK	 
REQUEST		Search	1692885668908	1692885669071	OK	 
USER	Users	START	1692885669193
REQUEST		Home	1692885668199	1692885669690	OK	 
REQUEST		Home Redirect 1	1692885669691	1692885669857	OK	 
USER	Users	START	1692885670191
REQUEST		Select	1692885670176	1692885670346	OK	 
REQUEST		Select	1692885670176	1692885670346	OK	 
REQUEST		Select	1692885670176	1692885670353	OK	 
REQUEST		Home	1692885670190	1692885670696	OK	 
REQUEST		Home	1692885669192	1692885670696	OK	 
REQUEST		Home Redirect 1	1692885670696	1692885670882	OK	 
REQUEST		Home Redirect 1	1692885670697	1692885670884	OK	 
REQUEST		Search	1692885670859	1692885671022	OK	 
USER	Admins	START	1692885671192
USER	Users	START	1692885671192
REQUEST		Page 0	1692885671356	1692885671520	OK	 
REQUEST		Page 0	1692885671356	1692885671524	OK	 
REQUEST		Page 0	1692885671358	1692885671528	OK	 
REQUEST		Home	1692885671191	1692885671696	OK	 
REQUEST		Home Redirect 1	1692885671697	1692885671869	OK	 
REQUEST		Search	1692885671887	1692885672050	OK	 
REQUEST		Search	1692885671887	1692885672053	OK	 
USER	Users	START	1692885672191
REQUEST		Select	1692885672028	1692885672191	OK	 
REQUEST		Page 1	1692885672525	1692885672684	OK	 
REQUEST		Page 1	1692885672527	1692885672690	OK	 
REQUEST		Home	1692885672190	1692885672692	OK	 
REQUEST		Home	1692885671191	1692885672694	OK	 
REQUEST		Page 1	1692885672531	1692885672697	OK	 
REQUEST		Home Redirect 1	1692885672692	1692885672865	OK	 
REQUEST		Home Redirect 1	1692885672695	1692885672872	OK	 
REQUEST		Search	1692885672873	1692885673049	OK	 
USER	Users	START	1692885673193
REQUEST		Select	1692885673056	1692885673221	OK	 
REQUEST		Select	1692885673058	1692885673225	OK	 
REQUEST		Page 0	1692885673195	1692885673361	OK	 
REQUEST		Home	1692885673192	1692885673687	OK	 
REQUEST		Page 2	1692885673687	1692885673847	OK	 
REQUEST		Page 2	1692885673691	1692885673853	OK	 
REQUEST		Home Redirect 1	1692885673688	1692885673855	OK	 
REQUEST		Page 2	1692885673699	1692885673863	OK	 
REQUEST		Search	1692885673866	1692885674032	OK	 
REQUEST		Search	1692885673875	1692885674041	OK	 
USER	Users	START	1692885674191
REQUEST		Select	1692885674054	1692885674229	OK	 
REQUEST		Page 0	1692885674224	1692885674390	OK	 
REQUEST		Page 0	1692885674228	1692885674393	OK	 
REQUEST		Page 1	1692885674364	1692885674525	OK	 
REQUEST		Home	1692885674190	1692885674691	OK	 
REQUEST		Home Redirect 1	1692885674692	1692885674857	OK	 
REQUEST		Page 3	1692885674849	1692885675019	OK	 
REQUEST		Page 3	1692885674856	1692885675021	OK	 
REQUEST		Search	1692885674857	1692885675024	OK	 
REQUEST		Page 3	1692885674866	1692885675032	OK	 
USER	Users	START	1692885675190
REQUEST		Select	1692885675036	1692885675201	OK	 
REQUEST		Select	1692885675044	1692885675213	OK	 
REQUEST		Page 0	1692885675230	1692885675398	OK	 
REQUEST		Page 1	1692885675395	1692885675562	OK	 
REQUEST		Page 1	1692885675392	1692885675564	OK	 
REQUEST		Home	1692885675190	1692885675673	OK	 
REQUEST		Page 2	1692885675528	1692885675690	OK	 
REQUEST		Home Redirect 1	1692885675674	1692885675838	OK	 
REQUEST		Search	1692885675859	1692885676022	OK	 
USER	Users	END	1692885676035
USER	Users	END	1692885676035
REQUEST		Form	1692885676020	1692885676182	OK	 
REQUEST		Select	1692885676035	1692885676198	OK	 
REQUEST		Page 0	1692885676203	1692885676369	OK	 
REQUEST		Page 0	1692885676215	1692885676382	OK	 
REQUEST		Page 1	1692885676402	1692885676571	OK	 
REQUEST		Page 2	1692885676564	1692885676730	OK	 
REQUEST		Page 2	1692885676565	1692885676731	OK	 
REQUEST		Page 3	1692885676692	1692885676855	OK	 
REQUEST		Search	1692885676840	1692885677005	OK	 
REQUEST		Select	1692885677026	1692885677188	OK	 
REQUEST		Post	1692885677187	1692885677345	OK	 
REQUEST		Page 0	1692885677200	1692885677360	OK	 
REQUEST		Post Redirect 1	1692885677356	1692885677519	KO	status.find.is(201), but actually found 200
REQUEST		Page 1	1692885677371	1692885677536	OK	 
REQUEST		Page 1	1692885677385	1692885677558	OK	 
REQUEST		Form	1692885677524	1692885677691	OK	 
REQUEST		Page 2	1692885677574	1692885677738	OK	 
USER	Users	END	1692885677859
REQUEST		Page 3	1692885677733	1692885677898	OK	 
REQUEST		Page 3	1692885677733	1692885677899	OK	 
REQUEST		Select	1692885678010	1692885678168	OK	 
REQUEST		Page 0	1692885678190	1692885678353	OK	 
REQUEST		Page 1	1692885678361	1692885678523	OK	 
REQUEST		Page 2	1692885678541	1692885678700	OK	 
REQUEST		Page 2	1692885678559	1692885678727	OK	 
REQUEST		Post	1692885678694	1692885678848	OK	 
USER	Users	END	1692885678901
USER	Users	END	1692885678901
REQUEST		Page 3	1692885678741	1692885678903	OK	 
REQUEST		Post Redirect 1	1692885678849	1692885679010	OK	 
USER	Admins	END	1692885679013
REQUEST		Page 0	1692885679171	1692885679330	OK	 
REQUEST		Page 1	1692885679356	1692885679518	OK	 
REQUEST		Page 2	1692885679525	1692885679685	OK	 
REQUEST		Page 3	1692885679702	1692885679871	OK	 
REQUEST		Page 3	1692885679731	1692885679898	OK	 
REQUEST		Form	1692885679905	1692885680068	OK	 
REQUEST		Page 1	1692885680334	1692885680497	OK	 
REQUEST		Page 2	1692885680520	1692885680689	OK	 
REQUEST		Page 3	1692885680689	1692885680852	OK	 
USER	Users	END	1692885680875
USER	Users	END	1692885680901
REQUEST		Post	1692885681071	1692885681241	OK	 
REQUEST		Post Redirect 1	1692885681242	1692885681406	OK	 
USER	Admins	END	1692885681407
REQUEST		Page 2	1692885681499	1692885681656	OK	 
USER	Users	END	1692885681856
REQUEST		Page 3	1692885681693	1692885681858	OK	 
REQUEST		Page 3	1692885682660	1692885682819	OK	 
USER	Users	END	1692885682860
USER	Users	END	1692885683821
