RUN	computerdatabase.ComputerDatabaseSimulation	computerdatabasesimulation	1692889267192	 	3.9.5
USER	Users	START	1692889269670
USER	Admins	START	1692889269670
USER	Users	START	1692889270614
REQUEST		Home	1692889269659	1692889270893	OK	 
REQUEST		Home	1692889269659	1692889270889	OK	 
REQUEST		Home Redirect 1	1692889270897	1692889271140	OK	 
REQUEST		Home Redirect 1	1692889270897	1692889271139	OK	 
USER	Users	START	1692889271612
REQUEST		Home	1692889270612	1692889271891	OK	 
REQUEST		Home Redirect 1	1692889271892	1692889272063	OK	 
USER	Users	START	1692889272604
REQUEST		Search	1692889272159	1692889272337	OK	 
REQUEST		Search	1692889272159	1692889272334	OK	 
REQUEST		Home	1692889271611	1692889272893	OK	 
REQUEST		Home Redirect 1	1692889272894	1692889273068	OK	 
REQUEST		Search	1692889273065	1692889273233	OK	 
USER	Users	START	1692889273603
REQUEST		Select	1692889273626	1692889273793	OK	 
REQUEST		Select	1692889273626	1692889273792	OK	 
REQUEST		Home	1692889272603	1692889273893	OK	 
REQUEST		Home Redirect 1	1692889273893	1692889274063	OK	 
REQUEST		Search	1692889274072	1692889274243	OK	 
REQUEST		Select	1692889274238	1692889274416	OK	 
USER	Admins	START	1692889274604
USER	Users	START	1692889274605
REQUEST		Home	1692889273602	1692889274895	OK	 
REQUEST		Page 0	1692889274800	1692889274965	OK	 
REQUEST		Page 0	1692889274801	1692889274968	OK	 
REQUEST		Home Redirect 1	1692889274896	1692889275065	OK	 
REQUEST		Home	1692889274603	1692889275093	OK	 
REQUEST		Search	1692889275066	1692889275232	OK	 
REQUEST		Home Redirect 1	1692889275094	1692889275264	OK	 
REQUEST		Select	1692889275250	1692889275421	OK	 
REQUEST		Page 0	1692889275422	1692889275589	OK	 
USER	Users	START	1692889275602
REQUEST		Home	1692889274603	1692889275894	OK	 
REQUEST		Home Redirect 1	1692889275895	1692889276062	OK	 
REQUEST		Page 1	1692889275968	1692889276134	OK	 
REQUEST		Page 1	1692889275969	1692889276136	OK	 
REQUEST		Search	1692889276068	1692889276240	OK	 
REQUEST		Select	1692889276236	1692889276404	OK	 
REQUEST		Search	1692889276266	1692889276428	OK	 
REQUEST		Page 0	1692889276423	1692889276599	OK	 
USER	Users	START	1692889276602
REQUEST		Page 1	1692889276591	1692889276764	OK	 
REQUEST		Home	1692889275602	1692889276894	OK	 
REQUEST		Home Redirect 1	1692889276894	1692889277060	OK	 
REQUEST		Search	1692889277064	1692889277230	OK	 
REQUEST		Page 2	1692889277137	1692889277305	OK	 
REQUEST		Page 2	1692889277137	1692889277305	OK	 
REQUEST		Select	1692889277245	1692889277411	OK	 
REQUEST		Page 0	1692889277407	1692889277570	OK	 
REQUEST		Select	1692889277433	1692889277596	OK	 
USER	Users	START	1692889277602
REQUEST		Page 1	1692889277600	1692889277774	OK	 
REQUEST		Home	1692889276601	1692889277896	OK	 
REQUEST		Page 2	1692889277767	1692889277934	OK	 
REQUEST		Home Redirect 1	1692889277896	1692889278063	OK	 
REQUEST		Search	1692889278062	1692889278232	OK	 
REQUEST		Select	1692889278233	1692889278399	OK	 
REQUEST		Page 3	1692889278306	1692889278468	OK	 
REQUEST		Page 3	1692889278306	1692889278471	OK	 
REQUEST		Page 0	1692889278414	1692889278577	OK	 
USER	Users	START	1692889278604
REQUEST		Page 1	1692889278571	1692889278754	OK	 
REQUEST		Page 0	1692889278597	1692889278761	OK	 
REQUEST		Home	1692889277601	1692889278897	OK	 
REQUEST		Page 2	1692889278775	1692889278941	OK	 
REQUEST		Home Redirect 1	1692889278897	1692889279065	OK	 
REQUEST		Page 3	1692889278936	1692889279100	OK	 
REQUEST		Search	1692889279068	1692889279240	OK	 
REQUEST		Select	1692889279235	1692889279403	OK	 
USER	Users	END	1692889279475
REQUEST		Page 0	1692889279401	1692889279570	OK	 
REQUEST		Form	1692889279471	1692889279635	OK	 
REQUEST		Page 1	1692889279578	1692889279763	OK	 
REQUEST		Home	1692889278603	1692889279895	OK	 
REQUEST		Page 2	1692889279756	1692889279922	OK	 
REQUEST		Page 1	1692889279763	1692889279925	OK	 
REQUEST		Home Redirect 1	1692889279895	1692889280063	OK	 
USER	Users	END	1692889280104
REQUEST		Page 3	1692889279944	1692889280105	OK	 
REQUEST		Search	1692889280067	1692889280242	OK	 
REQUEST		Select	1692889280243	1692889280411	OK	 
REQUEST		Page 0	1692889280405	1692889280579	OK	 
REQUEST		Page 1	1692889280573	1692889280737	OK	 
REQUEST		Post	1692889280641	1692889280803	OK	 
REQUEST		Page 2	1692889280765	1692889280929	OK	 
REQUEST		Post Redirect 1	1692889280814	1692889280973	OK	 
USER	Admins	END	1692889280977
REQUEST		Page 2	1692889280928	1692889281092	OK	 
REQUEST		Page 3	1692889280925	1692889281093	OK	 
USER	Users	END	1692889281108
REQUEST		Search	1692889281067	1692889281235	OK	 
REQUEST		Select	1692889281244	1692889281410	OK	 
REQUEST		Page 0	1692889281413	1692889281581	OK	 
REQUEST		Page 1	1692889281581	1692889281744	OK	 
REQUEST		Page 2	1692889281738	1692889281905	OK	 
USER	Users	END	1692889282095
REQUEST		Page 3	1692889281932	1692889282096	OK	 
REQUEST		Page 3	1692889282094	1692889282259	OK	 
REQUEST		Select	1692889282237	1692889282406	OK	 
REQUEST		Page 0	1692889282411	1692889282588	OK	 
REQUEST		Page 1	1692889282582	1692889282748	OK	 
REQUEST		Page 2	1692889282746	1692889282911	OK	 
REQUEST		Page 3	1692889282909	1692889283074	OK	 
USER	Users	END	1692889283098
REQUEST		Form	1692889283261	1692889283424	OK	 
REQUEST		Page 0	1692889283410	1692889283576	OK	 
REQUEST		Page 1	1692889283590	1692889283757	OK	 
REQUEST		Page 2	1692889283751	1692889283924	OK	 
USER	Users	END	1692889284076
REQUEST		Page 3	1692889283913	1692889284077	OK	 
REQUEST		Post	1692889284425	1692889284588	OK	 
REQUEST		Page 1	1692889284579	1692889284751	OK	 
REQUEST		Post Redirect 1	1692889284589	1692889284752	OK	 
USER	Admins	END	1692889284753
REQUEST		Page 2	1692889284759	1692889284924	OK	 
USER	Users	END	1692889285079
REQUEST		Page 3	1692889284927	1692889285099	OK	 
REQUEST		Page 2	1692889285752	1692889285915	OK	 
REQUEST		Page 3	1692889285926	1692889286094	OK	 
USER	Users	END	1692889286100
REQUEST		Page 3	1692889286919	1692889287093	OK	 
USER	Users	END	1692889287096
USER	Users	END	1692889288095
