RUN	computerdatabase.ComputerDatabaseSimulation	computerdatabasesimulation	1692882069480	 	3.9.5
USER	Users	START	1692882071122
USER	Admins	START	1692882071122
REQUEST		Home	1692882071112	1692882071614	OK	 
REQUEST		Home Redirect 1	1692882071624	1692882071927	OK	 
USER	Users	START	1692882072066
REQUEST		Home	1692882071112	1692882072434	OK	 
REQUEST		Home Redirect 1	1692882072434	1692882072609	OK	 
USER	Users	START	1692882073067
REQUEST		Search	1692882072950	1692882073111	OK	 
REQUEST		Home	1692882072064	1692882073440	OK	 
REQUEST		Home Redirect 1	1692882073441	1692882073612	OK	 
REQUEST		Search	1692882073612	1692882073776	OK	 
USER	Users	START	1692882074056
REQUEST		Select	1692882074212	1692882074380	OK	 
REQUEST		Home	1692882073066	1692882074435	OK	 
REQUEST		Home Redirect 1	1692882074436	1692882074603	OK	 
REQUEST		Search	1692882074616	1692882074782	OK	 
REQUEST		Select	1692882074781	1692882074949	OK	 
USER	Users	START	1692882075056
REQUEST		Home	1692882074055	1692882075435	OK	 
REQUEST		Page 0	1692882075386	1692882075553	OK	 
REQUEST		Home Redirect 1	1692882075435	1692882075601	OK	 
REQUEST		Search	1692882075605	1692882075771	OK	 
REQUEST		Select	1692882075788	1692882075960	OK	 
USER	Users	START	1692882076055
USER	Admins	START	1692882076056
REQUEST		Page 0	1692882075951	1692882076118	OK	 
REQUEST		Home	1692882075055	1692882076437	OK	 
REQUEST		Home Redirect 1	1692882076437	1692882076619	OK	 
REQUEST		Page 1	1692882076558	1692882076723	OK	 
REQUEST		Search	1692882076604	1692882076788	OK	 
REQUEST		Select	1692882076775	1692882076956	OK	 
USER	Users	START	1692882077054
REQUEST		Page 0	1692882076964	1692882077135	OK	 
REQUEST		Page 1	1692882077121	1692882077301	OK	 
REQUEST		Home	1692882076054	1692882077445	OK	 
REQUEST		Home	1692882076055	1692882077452	OK	 
REQUEST		Home Redirect 1	1692882077445	1692882077619	OK	 
REQUEST		Home Redirect 1	1692882077453	1692882077631	OK	 
REQUEST		Search	1692882077621	1692882077794	OK	 
REQUEST		Page 2	1692882077725	1692882077902	OK	 
REQUEST		Select	1692882077793	1692882077970	OK	 
USER	Users	START	1692882078054
REQUEST		Page 0	1692882077960	1692882078128	OK	 
REQUEST		Page 1	1692882078139	1692882078307	OK	 
REQUEST		Home	1692882077054	1692882078437	OK	 
REQUEST		Page 2	1692882078302	1692882078468	OK	 
REQUEST		Home Redirect 1	1692882078437	1692882078604	OK	 
REQUEST		Search	1692882078621	1692882078793	OK	 
REQUEST		Search	1692882078633	1692882078797	OK	 
REQUEST		Select	1692882078798	1692882078970	OK	 
USER	Users	START	1692882079057
REQUEST		Page 3	1692882078904	1692882079072	OK	 
REQUEST		Page 0	1692882078972	1692882079142	OK	 
REQUEST		Page 1	1692882079132	1692882079324	OK	 
REQUEST		Home	1692882078053	1692882079443	OK	 
REQUEST		Page 2	1692882079308	1692882079472	OK	 
REQUEST		Home Redirect 1	1692882079444	1692882079620	OK	 
REQUEST		Page 3	1692882079471	1692882079639	OK	 
REQUEST		Search	1692882079608	1692882079772	OK	 
REQUEST		Select	1692882079797	1692882079967	OK	 
REQUEST		Select	1692882079803	1692882079972	OK	 
USER	Users	START	1692882080055
USER	Users	END	1692882080077
REQUEST		Page 0	1692882079972	1692882080142	OK	 
REQUEST		Page 1	1692882080143	1692882080309	OK	 
REQUEST		Home	1692882079056	1692882080438	OK	 
REQUEST		Page 2	1692882080326	1692882080490	OK	 
REQUEST		Home Redirect 1	1692882080438	1692882080607	OK	 
REQUEST		Page 3	1692882080474	1692882080641	OK	 
REQUEST		Search	1692882080624	1692882080797	OK	 
REQUEST		Form	1692882080641	1692882080820	OK	 
REQUEST		Select	1692882080775	1692882080941	OK	 
REQUEST		Page 0	1692882080969	1692882081132	OK	 
REQUEST		Page 0	1692882080975	1692882081140	OK	 
REQUEST		Page 1	1692882081143	1692882081313	OK	 
REQUEST		Home	1692882080055	1692882081438	OK	 
REQUEST		Page 2	1692882081312	1692882081481	OK	 
REQUEST		Home Redirect 1	1692882081438	1692882081605	OK	 
USER	Users	END	1692882081646
REQUEST		Page 3	1692882081492	1692882081656	OK	 
REQUEST		Search	1692882081609	1692882081775	OK	 
REQUEST		Select	1692882081799	1692882081965	OK	 
REQUEST		Post	1692882081826	1692882081991	OK	 
REQUEST		Page 0	1692882081942	1692882082110	OK	 
REQUEST		Post Redirect 1	1692882082000	1692882082159	OK	 
USER	Admins	END	1692882082162
REQUEST		Page 1	1692882082134	1692882082308	OK	 
REQUEST		Page 1	1692882082144	1692882082322	OK	 
REQUEST		Page 2	1692882082315	1692882082481	OK	 
REQUEST		Page 3	1692882082484	1692882082647	OK	 
USER	Users	END	1692882082659
REQUEST		Search	1692882082609	1692882082775	OK	 
REQUEST		Select	1692882082779	1692882082947	OK	 
REQUEST		Page 0	1692882082969	1692882083139	OK	 
REQUEST		Page 1	1692882083112	1692882083317	OK	 
REQUEST		Page 2	1692882083311	1692882083484	OK	 
REQUEST		Page 2	1692882083325	1692882083490	OK	 
USER	Users	END	1692882083651
REQUEST		Page 3	1692882083483	1692882083659	OK	 
REQUEST		Select	1692882083778	1692882083941	OK	 
REQUEST		Page 0	1692882083948	1692882084124	OK	 
REQUEST		Page 1	1692882084142	1692882084309	OK	 
REQUEST		Page 2	1692882084319	1692882084485	OK	 
REQUEST		Page 3	1692882084487	1692882084650	OK	 
REQUEST		Page 3	1692882084493	1692882084659	OK	 
USER	Users	END	1692882084662
REQUEST		Page 0	1692882084943	1692882085111	OK	 
REQUEST		Page 1	1692882085126	1692882085293	OK	 
REQUEST		Page 2	1692882085311	1692882085484	OK	 
USER	Users	END	1692882085654
REQUEST		Page 3	1692882085488	1692882085658	OK	 
REQUEST		Form	1692882085663	1692882085830	OK	 
REQUEST		Page 1	1692882086115	1692882086300	OK	 
REQUEST		Page 2	1692882086295	1692882086464	OK	 
REQUEST		Page 3	1692882086487	1692882086657	OK	 
USER	Users	END	1692882086661
REQUEST		Post	1692882086832	1692882086992	OK	 
REQUEST		Post Redirect 1	1692882086992	1692882087160	OK	 
USER	Admins	END	1692882087161
REQUEST		Page 2	1692882087302	1692882087466	OK	 
REQUEST		Page 3	1692882087468	1692882087634	OK	 
USER	Users	END	1692882087660
REQUEST		Page 3	1692882088469	1692882088634	OK	 
USER	Users	END	1692882088638
USER	Users	END	1692882089637
