RUN	computerdatabase.ComputerDatabaseSimulation	computerdatabasesimulation	1692877609387	 	3.9.5
USER	Admins	START	1692877612190
USER	Users	START	1692877612189
USER	Users	START	1692877613011
REQUEST		Home	1692877612151	1692877613074	OK	 
REQUEST		Home	1692877612152	1692877613074	OK	 
REQUEST		Home Redirect 1	1692877613102	1692877613289	OK	 
REQUEST		Home Redirect 1	1692877613105	1692877613286	OK	 
USER	Users	START	1692877614015
REQUEST		Home	1692877613010	1692877614073	OK	 
REQUEST		Home Redirect 1	1692877614078	1692877614252	OK	 
REQUEST		Search	1692877614321	1692877614488	OK	 
REQUEST		Search	1692877614322	1692877614487	OK	 
USER	Users	START	1692877614982
REQUEST		Home	1692877614013	1692877615078	OK	 
REQUEST		Home Redirect 1	1692877615079	1692877615246	OK	 
REQUEST		Search	1692877615255	1692877615463	OK	 
REQUEST		Select	1692877615756	1692877615930	OK	 
REQUEST		Select	1692877615754	1692877615933	OK	 
USER	Users	START	1692877615983
REQUEST		Home	1692877614980	1692877616076	OK	 
REQUEST		Home Redirect 1	1692877616077	1692877616247	OK	 
REQUEST		Search	1692877616248	1692877616452	OK	 
REQUEST		Select	1692877616505	1692877616680	OK	 
USER	Admins	START	1692877616980
USER	Users	START	1692877616983
REQUEST		Home	1692877615980	1692877617081	OK	 
REQUEST		Page 0	1692877616945	1692877617117	OK	 
REQUEST		Page 0	1692877616945	1692877617135	OK	 
REQUEST		Home Redirect 1	1692877617081	1692877617247	OK	 
REQUEST		Search	1692877617250	1692877617429	OK	 
REQUEST		Home	1692877616981	1692877617478	OK	 
REQUEST		Home Redirect 1	1692877617478	1692877617649	OK	 
REQUEST		Select	1692877617491	1692877617655	OK	 
REQUEST		Page 0	1692877617681	1692877617848	OK	 
USER	Users	START	1692877617981
REQUEST		Home	1692877616980	1692877618096	OK	 
REQUEST		Home Redirect 1	1692877618101	1692877618285	OK	 
REQUEST		Page 1	1692877618127	1692877618302	OK	 
REQUEST		Page 1	1692877618151	1692877618321	OK	 
REQUEST		Search	1692877618257	1692877618425	OK	 
REQUEST		Select	1692877618437	1692877618623	OK	 
REQUEST		Search	1692877618652	1692877618813	OK	 
REQUEST		Page 0	1692877618668	1692877618837	OK	 
USER	Users	START	1692877618980
REQUEST		Page 1	1692877618850	1692877619019	OK	 
REQUEST		Home	1692877617980	1692877619079	OK	 
REQUEST		Home Redirect 1	1692877619080	1692877619246	OK	 
REQUEST		Search	1692877619289	1692877619467	OK	 
REQUEST		Page 2	1692877619306	1692877619482	OK	 
REQUEST		Page 2	1692877619327	1692877619613	OK	 
REQUEST		Select	1692877619433	1692877619615	OK	 
REQUEST		Page 0	1692877619631	1692877619800	OK	 
USER	Users	START	1692877619986
REQUEST		Select	1692877619817	1692877619988	OK	 
REQUEST		Page 1	1692877619853	1692877620022	OK	 
REQUEST		Home	1692877618979	1692877620079	OK	 
REQUEST		Page 2	1692877620022	1692877620198	OK	 
REQUEST		Home Redirect 1	1692877620079	1692877620252	OK	 
REQUEST		Search	1692877620249	1692877620434	OK	 
REQUEST		Home	1692877619985	1692877620488	OK	 
REQUEST		Select	1692877620485	1692877620720	OK	 
REQUEST		Page 3	1692877620487	1692877620736	OK	 
REQUEST		Home Redirect 1	1692877620497	1692877620739	OK	 
REQUEST		Page 3	1692877620616	1692877620782	OK	 
REQUEST		Page 0	1692877620618	1692877620784	OK	 
REQUEST		Page 1	1692877620803	1692877620978	OK	 
USER	Users	START	1692877620980
REQUEST		Page 0	1692877620991	1692877621152	OK	 
REQUEST		Page 2	1692877621024	1692877621200	OK	 
REQUEST		Page 3	1692877621204	1692877621384	OK	 
REQUEST		Search	1692877621263	1692877621431	OK	 
REQUEST		Home	1692877620980	1692877621481	OK	 
REQUEST		Select	1692877621438	1692877621622	OK	 
REQUEST		Home Redirect 1	1692877621482	1692877621647	OK	 
USER	Users	END	1692877621815
REQUEST		Page 0	1692877621724	1692877621921	OK	 
REQUEST		Form	1692877621746	1692877621948	OK	 
REQUEST		Search	1692877621747	1692877621948	OK	 
REQUEST		Page 1	1692877621802	1692877621970	OK	 
REQUEST		Page 2	1692877621983	1692877622146	OK	 
REQUEST		Page 1	1692877622155	1692877622315	OK	 
REQUEST		Page 3	1692877622203	1692877622370	OK	 
USER	Users	END	1692877622387
REQUEST		Select	1692877622435	1692877622599	OK	 
REQUEST		Search	1692877622650	1692877622816	OK	 
REQUEST		Page 0	1692877622628	1692877622819	OK	 
REQUEST		Select	1692877622951	1692877623165	OK	 
REQUEST		Page 1	1692877622949	1692877623165	OK	 
REQUEST		Page 2	1692877622974	1692877623174	OK	 
REQUEST		Post	1692877622964	1692877623163	OK	 
REQUEST		Page 3	1692877623173	1692877623354	OK	 
REQUEST		Post Redirect 1	1692877623200	1692877623361	KO	status.find.is(201), but actually found 200
USER	Users	END	1692877623377
REQUEST		Page 2	1692877623317	1692877623479	OK	 
REQUEST		Form	1692877623366	1692877623529	OK	 
REQUEST		Page 0	1692877623601	1692877623766	OK	 
REQUEST		Select	1692877623820	1692877623979	OK	 
REQUEST		Page 1	1692877623821	1692877623991	OK	 
REQUEST		Page 0	1692877624174	1692877624335	OK	 
REQUEST		Page 3	1692877624181	1692877624353	OK	 
REQUEST		Page 2	1692877624174	1692877624354	OK	 
USER	Users	END	1692877624364
REQUEST		Page 3	1692877624483	1692877624648	OK	 
REQUEST		Post	1692877624530	1692877624694	OK	 
REQUEST		Post Redirect 1	1692877624695	1692877624853	OK	 
USER	Admins	END	1692877624858
REQUEST		Page 1	1692877624769	1692877624938	OK	 
REQUEST		Page 0	1692877624982	1692877625145	OK	 
REQUEST		Page 2	1692877624996	1692877625164	OK	 
USER	Users	END	1692877625358
REQUEST		Page 1	1692877625338	1692877625505	OK	 
REQUEST		Page 3	1692877625358	1692877625527	OK	 
USER	Users	END	1692877625652
REQUEST		Page 2	1692877625940	1692877626103	OK	 
REQUEST		Page 1	1692877626146	1692877626309	OK	 
REQUEST		Page 3	1692877626166	1692877626329	OK	 
REQUEST		Page 2	1692877626512	1692877626669	OK	 
REQUEST		Form	1692877626529	1692877626714	OK	 
REQUEST		Page 3	1692877627107	1692877627270	OK	 
USER	Users	END	1692877627332
REQUEST		Page 2	1692877627311	1692877627471	OK	 
REQUEST		Page 3	1692877627671	1692877627831	OK	 
REQUEST		Post	1692877627716	1692877627878	OK	 
REQUEST		Post Redirect 1	1692877627879	1692877628045	KO	status.find.is(201), but actually found 200
REQUEST		Form	1692877628047	1692877628248	OK	 
USER	Users	END	1692877628275
REQUEST		Page 3	1692877628479	1692877628641	OK	 
USER	Users	END	1692877628833
REQUEST		Post	1692877629251	1692877629413	OK	 
REQUEST		Post Redirect 1	1692877629414	1692877629580	OK	 
USER	Admins	END	1692877629581
USER	Users	END	1692877629645
