RUN	computerdatabase.ComputerDatabaseSimulation	computerdatabasesimulation	1692878508735	 	3.9.5
USER	Users	START	1692878510015
USER	Admins	START	1692878510020
REQUEST		Home	1692878509990	1692878510515	OK	 
REQUEST		Home	1692878509986	1692878510514	OK	 
REQUEST		Home Redirect 1	1692878510528	1692878510737	OK	 
REQUEST		Home Redirect 1	1692878510526	1692878510735	OK	 
USER	Users	START	1692878510917
REQUEST		Home	1692878510914	1692878511399	OK	 
REQUEST		Home Redirect 1	1692878511400	1692878511567	OK	 
USER	Users	START	1692878511919
REQUEST		Search	1692878511765	1692878511924	OK	 
REQUEST		Search	1692878511765	1692878511933	OK	 
REQUEST		Home	1692878511918	1692878512414	OK	 
REQUEST		Home Redirect 1	1692878512414	1692878512580	OK	 
REQUEST		Search	1692878512573	1692878512749	OK	 
USER	Users	START	1692878512911
REQUEST		Select	1692878513118	1692878513279	OK	 
REQUEST		Select	1692878513128	1692878513305	OK	 
REQUEST		Home	1692878512909	1692878513413	OK	 
REQUEST		Home Redirect 1	1692878513414	1692878513579	OK	 
REQUEST		Search	1692878513584	1692878513747	OK	 
USER	Users	START	1692878513908
REQUEST		Select	1692878513755	1692878513925	OK	 
REQUEST		Page 0	1692878514286	1692878514446	OK	 
REQUEST		Page 0	1692878514307	1692878514476	OK	 
REQUEST		Search	1692878514582	1692878514762	OK	 
USER	Users	START	1692878514908
USER	Admins	START	1692878514909
REQUEST		Select	1692878514752	1692878514922	OK	 
REQUEST		Page 0	1692878514928	1692878515108	OK	 
REQUEST		Home	1692878514908	1692878515416	OK	 
REQUEST		Home	1692878514906	1692878515417	OK	 
REQUEST		Home	1692878513907	1692878515417	OK	 
REQUEST		Home Redirect 1	1692878515417	1692878515596	OK	 
REQUEST		Home Redirect 1	1692878515417	1692878515598	OK	 
REQUEST		Home Redirect 1	1692878515417	1692878515598	OK	 
REQUEST		Page 1	1692878515450	1692878515617	OK	 
REQUEST		Page 1	1692878515478	1692878515643	OK	 
USER	Users	START	1692878515907
REQUEST		Select	1692878515767	1692878515934	OK	 
REQUEST		Page 0	1692878515925	1692878516088	OK	 
REQUEST		Page 1	1692878516112	1692878516273	OK	 
REQUEST		Home	1692878515906	1692878516415	OK	 
REQUEST		Home Redirect 1	1692878516416	1692878516584	OK	 
REQUEST		Search	1692878516599	1692878516764	OK	 
REQUEST		Search	1692878516599	1692878516767	OK	 
REQUEST		Search	1692878516601	1692878516768	OK	 
REQUEST		Page 2	1692878516619	1692878516785	OK	 
REQUEST		Page 2	1692878516645	1692878516811	OK	 
USER	Users	START	1692878516908
REQUEST		Page 0	1692878516936	1692878517107	OK	 
REQUEST		Page 1	1692878517090	1692878517258	OK	 
REQUEST		Home	1692878516907	1692878517420	OK	 
REQUEST		Page 2	1692878517275	1692878517433	OK	 
REQUEST		Home Redirect 1	1692878517420	1692878517586	OK	 
REQUEST		Search	1692878517586	1692878517763	OK	 
USER	Users	START	1692878517908
REQUEST		Select	1692878517769	1692878517936	OK	 
REQUEST		Select	1692878517771	1692878517938	OK	 
REQUEST		Select	1692878517777	1692878517949	OK	 
REQUEST		Page 3	1692878517788	1692878517955	OK	 
REQUEST		Page 3	1692878517813	1692878517971	OK	 
REQUEST		Page 1	1692878518109	1692878518275	OK	 
REQUEST		Home	1692878517907	1692878518397	OK	 
REQUEST		Page 2	1692878518262	1692878518436	OK	 
REQUEST		Home Redirect 1	1692878518397	1692878518560	OK	 
REQUEST		Page 3	1692878518435	1692878518603	OK	 
REQUEST		Search	1692878518588	1692878518755	OK	 
USER	Users	START	1692878518906
REQUEST		Select	1692878518766	1692878518933	OK	 
USER	Users	END	1692878518976
REQUEST		Page 0	1692878518939	1692878519139	OK	 
REQUEST		Page 0	1692878518940	1692878519139	OK	 
REQUEST		Page 0	1692878518951	1692878519184	OK	 
REQUEST		Form	1692878518958	1692878519184	OK	 
REQUEST		Home	1692878518906	1692878519419	OK	 
REQUEST		Page 2	1692878519277	1692878519449	OK	 
REQUEST		Home Redirect 1	1692878519421	1692878519586	OK	 
REQUEST		Page 3	1692878519439	1692878519602	OK	 
USER	Users	END	1692878519606
REQUEST		Search	1692878519562	1692878519725	OK	 
REQUEST		Select	1692878519759	1692878519919	OK	 
REQUEST		Page 0	1692878519936	1692878520103	OK	 
REQUEST		Page 1	1692878520141	1692878520310	OK	 
REQUEST		Page 1	1692878520141	1692878520311	OK	 
REQUEST		Page 1	1692878520186	1692878520367	OK	 
REQUEST		Post	1692878520191	1692878520357	OK	 
REQUEST		Post Redirect 1	1692878520371	1692878520548	OK	 
USER	Admins	END	1692878520553
USER	Users	END	1692878520605
REQUEST		Page 3	1692878520451	1692878520614	OK	 
REQUEST		Search	1692878520589	1692878520756	OK	 
REQUEST		Select	1692878520728	1692878520895	OK	 
REQUEST		Page 0	1692878520922	1692878521085	OK	 
REQUEST		Page 1	1692878521105	1692878521271	OK	 
REQUEST		Page 2	1692878521312	1692878521479	OK	 
REQUEST		Page 2	1692878521312	1692878521479	OK	 
REQUEST		Page 2	1692878521371	1692878521537	OK	 
USER	Users	END	1692878521627
REQUEST		Select	1692878521760	1692878521924	OK	 
REQUEST		Page 0	1692878521897	1692878522055	OK	 
REQUEST		Page 1	1692878522088	1692878522252	OK	 
REQUEST		Page 2	1692878522274	1692878522447	OK	 
REQUEST		Page 3	1692878522482	1692878522645	OK	 
REQUEST		Page 3	1692878522482	1692878522647	OK	 
REQUEST		Page 3	1692878522539	1692878522707	OK	 
REQUEST		Page 0	1692878522926	1692878523092	OK	 
REQUEST		Page 1	1692878523058	1692878523217	OK	 
REQUEST		Page 2	1692878523254	1692878523416	OK	 
REQUEST		Page 3	1692878523450	1692878523619	OK	 
USER	Users	END	1692878523648
USER	Users	END	1692878523652
REQUEST		Form	1692878523710	1692878523869	OK	 
REQUEST		Page 1	1692878524094	1692878524273	OK	 
REQUEST		Page 2	1692878524219	1692878524380	OK	 
REQUEST		Page 3	1692878524418	1692878524586	OK	 
USER	Users	END	1692878524621
REQUEST		Post	1692878524870	1692878525032	OK	 
REQUEST		Post Redirect 1	1692878525032	1692878525196	OK	 
USER	Admins	END	1692878525197
REQUEST		Page 2	1692878525275	1692878525447	OK	 
REQUEST		Page 3	1692878525381	1692878525542	OK	 
USER	Users	END	1692878525590
USER	Users	END	1692878526545
REQUEST		Page 3	1692878526449	1692878526616	OK	 
USER	Users	END	1692878527619
